info it worked if it ends with ok
verbose cli [ '/var/lib/stickshift/214fe58600c64243a4c29831fce5cfa6/app-root/data//bin/node-openshift',
verbose cli   '/usr/bin/npm',
verbose cli   'install' ]
info using npm@1.1.24
info using node@v0.6.19
verbose /var/lib/stickshift/214fe58600c64243a4c29831fce5cfa6/app-root/data//bin/node-openshift node symlink
verbose config file /var/lib/stickshift/214fe58600c64243a4c29831fce5cfa6/app-root/data/.npmrc
verbose config file /var/lib/stickshift/214fe58600c64243a4c29831fce5cfa6/app-root/data/etc/npmrc
verbose config file /usr/lib/node_modules/npm/npmrc
ERR! Couldn't read dependencies.
ERR! Failed to parse json
ERR! Unexpected string
ERR! File: /var/lib/stickshift/214fe58600c64243a4c29831fce5cfa6/app-root/data/274887/package.json
ERR! JSON.parse Failed to parse package.json data.
ERR! JSON.parse package.json must be actual JSON, not just JavaScript.
ERR! JSON.parse This is not a bug in npm.
ERR! JSON.parse Tell the package author to fix their package.json file.
ERR! 
ERR! System Linux 2.6.32-279.5.2.el6.x86_64
ERR! command "/var/lib/stickshift/214fe58600c64243a4c29831fce5cfa6/app-root/data//bin/node-openshift" "/usr/bin/npm" "install"
ERR! cwd /var/lib/stickshift/214fe58600c64243a4c29831fce5cfa6/app-root/data/274887
ERR! node -v v0.6.19
ERR! npm -v 1.1.24
ERR! file /var/lib/stickshift/214fe58600c64243a4c29831fce5cfa6/app-root/data/274887/package.json
ERR! code EJSONPARSE
ERR! message Failed to parse json
ERR! message Unexpected string
ERR! errno {}
verbose exit [ 1, true ]
